[36m2024/04/13 17:37:46,110[m [32m[INFO ][m [org.springframework.boot.StartupInfoLogger] [33m[main][m- Started BoardserverApplication in 1.544 seconds (process running for 1.982)
 -[36m2024/04/13 17:37:46,114[m [34m[DEBUG][m [org.springframework.boot.availability.ApplicationAvailabilityBean] [33m[main][m- Application availability state LivenessState changed to CORRECT
 -[36m2024/04/13 17:37:46,115[m [34m[DEBUG][m [org.springframework.boot.availability.ApplicationAvailabilityBean] [33m[main][m- Application availability state ReadinessState changed to ACCEPTING_TRAFFIC
 -[36m2024/04/13 17:37:48,250[m [32m[INFO ][m [org.apache.juli.logging.DirectJDKLog] [33m[http-nio-8080-exec-1][m- Initializing Spring DispatcherServlet 'dispatcherServlet'
 -[36m2024/04/13 17:37:48,250[m [32m[INFO ][m [org.springframework.web.servlet.FrameworkServlet] [33m[http-nio-8080-exec-1][m- Initializing Servlet 'dispatcherServlet'
 -[36m2024/04/13 17:37:48,250[m [34m[DEBUG][m [org.springframework.web.servlet.DispatcherServlet] [33m[http-nio-8080-exec-1][m- Detected StandardServletMultipartResolver
 -[36m2024/04/13 17:37:48,250[m [34m[DEBUG][m [org.springframework.web.servlet.DispatcherServlet] [33m[http-nio-8080-exec-1][m- Detected AcceptHeaderLocaleResolver
 -[36m2024/04/13 17:37:48,251[m [34m[DEBUG][m [org.springframework.web.servlet.DispatcherServlet] [33m[http-nio-8080-exec-1][m- Detected FixedThemeResolver
 -[36m2024/04/13 17:37:48,251[m [34m[DEBUG][m [org.springframework.web.servlet.DispatcherServlet] [33m[http-nio-8080-exec-1][m- Detected org.springframework.web.servlet.view.DefaultRequestToViewNameTranslator@476ab868
 -[36m2024/04/13 17:37:48,251[m [34m[DEBUG][m [org.springframework.web.servlet.DispatcherServlet] [33m[http-nio-8080-exec-1][m- Detected org.springframework.web.servlet.support.SessionFlashMapManager@f7e11c8
 -[36m2024/04/13 17:37:48,251[m [34m[DEBUG][m [org.springframework.web.servlet.FrameworkServlet] [33m[http-nio-8080-exec-1][m- enableLoggingRequestDetails='false': request parameters and headers will be masked to prevent unsafe logging of potentially sensitive data
 -[36m2024/04/13 17:37:48,252[m [32m[INFO ][m [org.springframework.web.servlet.FrameworkServlet] [33m[http-nio-8080-exec-1][m- Completed initialization in 2 ms
 -[36m2024/04/13 17:37:48,256[m [34m[DEBUG][m [org.springframework.core.log.LogFormatUtils] [33m[http-nio-8080-exec-1][m- PATCH "/categories/2", parameters={}
 -[36m2024/04/13 17:37:48,263[m [34m[DEBUG][m [org.springframework.web.servlet.handler.AbstractHandlerMapping] [33m[http-nio-8080-exec-1][m- Mapped to com.fastcampus.boardserver.controller.CategoryController#updateCategories(String, CategoryRequest)
 -[36m2024/04/13 17:37:48,304[m [34m[DEBUG][m [org.springframework.core.log.LogFormatUtils] [33m[http-nio-8080-exec-1][m- Read "application/json;charset=UTF-8" to [CategoryController.CategoryRequest(id=0, name=null)]
 -[36m2024/04/13 17:37:48,317[m [32m[INFO ][m [com.fastcampus.boardserver.aop.LoginCheckAspect] [33m[http-nio-8080-exec-1][m- execution(void com.fastcampus.boardserver.controller.CategoryController.updateCategories(String,CategoryRequest))accountName
 -[36m2024/04/13 17:37:48,318[m [34m[DEBUG][m [org.springframework.web.servlet.mvc.method.annotation.ExceptionHandlerExceptionResolver] [33m[http-nio-8080-exec-1][m- Using @ExceptionHandler com.fastcampus.boardserver.exception.handler.CustomExceptionHandler#handleRuntimeExceptionException(RuntimeException)
 -[36m2024/04/13 17:37:48,327[m [34m[DEBUG][m [org.springframework.web.servlet.mvc.method.annotation.AbstractMessageConverterMethodProcessor] [33m[http-nio-8080-exec-1][m- Using 'application/json', given [*/*] and supported [application/json, application/*+json]
 -[36m2024/04/13 17:37:48,328[m [34m[DEBUG][m [org.springframework.core.log.LogFormatUtils] [33m[http-nio-8080-exec-1][m- Writing [com.fastcampus.boardserver.dto.response.CommonResponse@6d6044b1]
 -[36m2024/04/13 17:37:48,333[m [34m[DEBUG][m [org.springframework.web.servlet.handler.AbstractHandlerExceptionResolver] [33m[http-nio-8080-exec-1][m- Resolved [com.fastcampus.boardserver.aop.LoginCheckAspect$1: 401 로그인한 id 값을 확인해주세요.]
 -[36m2024/04/13 17:37:48,333[m [34m[DEBUG][m [org.springframework.web.servlet.FrameworkServlet] [33m[http-nio-8080-exec-1][m- Completed 200 OK
 -[36m2024/04/13 17:37:51,234[m [34m[DEBUG][m [org.springframework.core.log.LogFormatUtils] [33m[http-nio-8080-exec-3][m- POST "/users/sign-in", parameters={}
 -[36m2024/04/13 17:37:51,235[m [34m[DEBUG][m [org.springframework.web.servlet.handler.AbstractHandlerMapping] [33m[http-nio-8080-exec-3][m- Mapped to com.fastcampus.boardserver.controller.UserController#login(UserLoginRequest, HttpSession)
 -[36m2024/04/13 17:37:51,240[m [34m[DEBUG][m [org.springframework.core.log.LogFormatUtils] [33m[http-nio-8080-exec-3][m- Read "application/json;charset=UTF-8" to [com.fastcampus.boardserver.dto.request.UserLoginRequest@32864fb4]
 -[36m2024/04/13 17:37:51,266[m [34m[DEBUG][m [org.springframework.jdbc.datasource.DataSourceUtils] [33m[http-nio-8080-exec-3][m- Fetching JDBC Connection from DataSource
 -[36m2024/04/13 17:37:51,270[m [32m[INFO ][m [com.zaxxer.hikari.HikariDataSource] [33m[http-nio-8080-exec-3][m- HikariPool-1 - Starting...
 -[36m2024/04/13 17:37:51,357[m [32m[INFO ][m [com.zaxxer.hikari.pool.HikariPool] [33m[http-nio-8080-exec-3][m- HikariPool-1 - Added connection com.mysql.cj.jdbc.ConnectionImpl@108eb881
 -[36m2024/04/13 17:37:51,358[m [32m[INFO ][m [com.zaxxer.hikari.HikariDataSource] [33m[http-nio-8080-exec-3][m- HikariPool-1 - Start completed.
 -[36m2024/04/13 17:37:51,380[m [34m[DEBUG][m [org.springframework.web.servlet.mvc.method.annotation.AbstractMessageConverterMethodProcessor] [33m[http-nio-8080-exec-3][m- Using 'application/json', given [*/*] and supported [application/json, application/*+json]
 -[36m2024/04/13 17:37:51,380[m [34m[DEBUG][m [org.springframework.core.log.LogFormatUtils] [33m[http-nio-8080-exec-3][m- Writing [200 OK]
 -[36m2024/04/13 17:37:51,380[m [34m[DEBUG][m [org.springframework.web.servlet.FrameworkServlet] [33m[http-nio-8080-exec-3][m- Completed 200 OK
 -[36m2024/04/13 17:37:54,787[m [34m[DEBUG][m [org.springframework.core.log.LogFormatUtils] [33m[http-nio-8080-exec-4][m- PATCH "/categories/2", parameters={}
 -[36m2024/04/13 17:37:54,788[m [34m[DEBUG][m [org.springframework.web.servlet.handler.AbstractHandlerMapping] [33m[http-nio-8080-exec-4][m- Mapped to com.fastcampus.boardserver.controller.CategoryController#updateCategories(String, CategoryRequest)
 -[36m2024/04/13 17:37:54,789[m [34m[DEBUG][m [org.springframework.core.log.LogFormatUtils] [33m[http-nio-8080-exec-4][m- Read "application/json;charset=UTF-8" to [CategoryController.CategoryRequest(id=0, name=null)]
 -[36m2024/04/13 17:37:57,660[m [34m[DEBUG][m [org.springframework.jdbc.datasource.DataSourceUtils] [33m[http-nio-8080-exec-4][m- Fetching JDBC Connection from DataSource
 -[36m2024/04/13 17:37:57,662[m [34m[DEBUG][m [org.springframework.web.servlet.mvc.method.annotation.AbstractMessageConverterMethodProcessor] [33m[http-nio-8080-exec-4][m- Using 'application/json', given [*/*] and supported [application/json, application/*+json]
 -[36m2024/04/13 17:37:57,662[m [34m[DEBUG][m [org.springframework.web.servlet.mvc.method.annotation.AbstractMessageConverterMethodProcessor] [33m[http-nio-8080-exec-4][m- Nothing to write: null body
 -[36m2024/04/13 17:37:57,663[m [34m[DEBUG][m [org.springframework.web.servlet.FrameworkServlet] [33m[http-nio-8080-exec-4][m- Completed 200 OK
 -